<?xml version="1.0" encoding="UTF-8"?>
<!-- Generated by org.testng.reporters.JUnitXMLReporter -->
<testsuite ignored="0" hostname="Anupam-PC" failures="0" tests="5" name="Default test" time="36.673" errors="0" timestamp="2020-05-25T22:07:19 CDT">
  <testcase classname="com.testcases.HomePageValidations" name="countLinksOnHomePage" time="0.358"/>
  <testcase classname="com.testcases.HomePageValidations" name="printLinksInFooter" time="0.355"/>
  <testcase classname="com.testcases.HomePageValidations" name="searchOnSearchBar" time="3.922"/>
  <testcase classname="com.testcases.HomePageValidations" name="signInNegative" time="4.925"/>
  <testcase classname="com.testcases.HomePageValidations" name="signInPositive" time="8.357"/>
</testsuite> <!-- Default test -->
