<?xml version="1.0" encoding="UTF-8"?>
<!-- Generated by org.testng.reporters.JUnitXMLReporter -->
<testsuite ignored="2" hostname="Anupam-PC" failures="1" tests="4" name="Test" time="20.137" errors="0" timestamp="2020-05-25T16:17:21 CDT">
  <testcase classname="com.testcases.HomePageValidations" name="countLinksOnHomePage" time="2.519"/>
  <testcase classname="com.testcases.HomePageValidations" name="printLinksInFooter" time="1.439"/>
  <testcase classname="com.testcases.HomePageValidations" name="searchOnSearchBar" time="2.243"/>
  <testcase classname="com.testcases.OpenAmazon" name="openAmazon" time="0.001">
    <failure type="java.lang.NullPointerException">
      <![CDATA[java.lang.NullPointerException
at com.pages.Base.openHomePage(Base.java:28)
at com.testcases.OpenAmazon.openAmazon(OpenAmazon.java:14)
at java.base/java.util.ArrayList.forEach(ArrayList.java:1378)
... Removed 27 stack frames]]>
    </failure>
  </testcase> <!-- openAmazon -->
  <testcase classname="com.pages.Base" name="@AfterTest tearDown" time="0.0">
    <ignored/>
  </testcase> <!-- @AfterTest tearDown -->
  <testcase classname="com.pages.Base" name="@BeforeTest initializeDriver" time="0.0">
    <ignored/>
  </testcase> <!-- @BeforeTest initializeDriver -->
</testsuite> <!-- Test -->
