<?xml version="1.0" encoding="UTF-8"?>
<testng-results ignored="0" total="5" passed="4" failed="1" skipped="0">
  <reporter-output>
  </reporter-output>
  <suite started-at="2020-05-27T00:03:35 CDT" name="AmazonTest" finished-at="2020-05-27T00:04:05 CDT" duration-ms="29688">
    <groups>
      <group name="Search">
        <method signature="HomePageValidations.searchOnSearchBar()[pri:0, instance:com.testcases.HomePageValidations@51f116b8]" name="searchOnSearchBar" class="com.testcases.HomePageValidations"/>
      </group> <!-- Search -->
      <group name="SignIn">
        <method signature="HomePageValidations.signInNegative()[pri:0, instance:com.testcases.HomePageValidations@51f116b8]" name="signInNegative" class="com.testcases.HomePageValidations"/>
        <method signature="HomePageValidations.signInPositive()[pri:0, instance:com.testcases.HomePageValidations@51f116b8]" name="signInPositive" class="com.testcases.HomePageValidations"/>
      </group> <!-- SignIn -->
      <group name="Links">
        <method signature="HomePageValidations.countLinksOnHomePage()[pri:0, instance:com.testcases.HomePageValidations@51f116b8]" name="countLinksOnHomePage" class="com.testcases.HomePageValidations"/>
        <method signature="HomePageValidations.printLinksInFooter()[pri:0, instance:com.testcases.HomePageValidations@51f116b8]" name="printLinksInFooter" class="com.testcases.HomePageValidations"/>
      </group> <!-- Links -->
    </groups>
    <test started-at="2020-05-27T00:03:35 CDT" name="HomePage" finished-at="2020-05-27T00:04:05 CDT" duration-ms="29688">
      <class name="com.testcases.HomePageValidations">
        <test-method is-config="true" signature="initializeFiles()[pri:0, instance:com.testcases.HomePageValidations@51f116b8]" started-at="2020-05-27T00:03:35 CDT" name="initializeFiles" finished-at="2020-05-27T00:03:35 CDT" duration-ms="10" status="PASS">
          <reporter-output>
          </reporter-output>
        </test-method> <!-- initializeFiles -->
        <test-method is-config="true" signature="initializeDriver()[pri:0, instance:com.testcases.HomePageValidations@51f116b8]" started-at="2020-05-27T00:03:35 CDT" name="initializeDriver" finished-at="2020-05-27T00:03:41 CDT" duration-ms="6222" status="PASS">
          <reporter-output>
          </reporter-output>
        </test-method> <!-- initializeDriver -->
        <test-method is-config="true" signature="setUp()[pri:0, instance:com.testcases.HomePageValidations@51f116b8]" started-at="2020-05-27T00:03:41 CDT" name="setUp" finished-at="2020-05-27T00:03:46 CDT" duration-ms="5073" status="PASS">
          <reporter-output>
          </reporter-output>
        </test-method> <!-- setUp -->
        <test-method signature="countLinksOnHomePage()[pri:0, instance:com.testcases.HomePageValidations@51f116b8]" started-at="2020-05-27T00:03:46 CDT" name="countLinksOnHomePage" finished-at="2020-05-27T00:03:46 CDT" duration-ms="75" status="PASS">
          <reporter-output>
          </reporter-output>
        </test-method> <!-- countLinksOnHomePage -->
        <test-method is-config="true" signature="setUp()[pri:0, instance:com.testcases.HomePageValidations@51f116b8]" started-at="2020-05-27T00:03:46 CDT" name="setUp" finished-at="2020-05-27T00:03:48 CDT" duration-ms="1455" status="PASS">
          <reporter-output>
          </reporter-output>
        </test-method> <!-- setUp -->
        <test-method signature="printLinksInFooter()[pri:0, instance:com.testcases.HomePageValidations@51f116b8]" started-at="2020-05-27T00:03:48 CDT" name="printLinksInFooter" finished-at="2020-05-27T00:03:48 CDT" duration-ms="53" status="PASS">
          <reporter-output>
          </reporter-output>
        </test-method> <!-- printLinksInFooter -->
        <test-method is-config="true" signature="setUp()[pri:0, instance:com.testcases.HomePageValidations@51f116b8]" started-at="2020-05-27T00:03:48 CDT" name="setUp" finished-at="2020-05-27T00:03:50 CDT" duration-ms="1873" status="PASS">
          <reporter-output>
          </reporter-output>
        </test-method> <!-- setUp -->
        <test-method signature="searchOnSearchBar()[pri:0, instance:com.testcases.HomePageValidations@51f116b8]" started-at="2020-05-27T00:03:50 CDT" name="searchOnSearchBar" finished-at="2020-05-27T00:03:51 CDT" duration-ms="893" status="PASS">
          <reporter-output>
          </reporter-output>
        </test-method> <!-- searchOnSearchBar -->
        <test-method is-config="true" signature="setUp()[pri:0, instance:com.testcases.HomePageValidations@51f116b8]" started-at="2020-05-27T00:03:51 CDT" name="setUp" finished-at="2020-05-27T00:03:52 CDT" duration-ms="1149" status="PASS">
          <reporter-output>
          </reporter-output>
        </test-method> <!-- setUp -->
        <test-method signature="signInNegative()[pri:0, instance:com.testcases.HomePageValidations@51f116b8]" started-at="2020-05-27T00:03:52 CDT" name="signInNegative" finished-at="2020-05-27T00:03:52 CDT" duration-ms="341" status="FAIL">
          <exception class="org.openqa.selenium.NoSuchElementException">
            <message>
              <![CDATA[no such element: Unable to locate element: {"method":"css selector","selector":"input[id='ap_email']"}
  (Session info: chrome=81.0.4044.138)
For documentation on this error, please visit: https://www.seleniumhq.org/exceptions/no_such_element.html
Build info: version: '3.141.59', revision: 'e82be7d358', time: '2018-11-14T08:17:03'
System info: host: 'ANUPAM-PC', ip: '192.168.1.73', os.name: 'Windows 10', os.arch: 'amd64', os.version: '10.0', java.version: '10.0.2'
Driver info: org.openqa.selenium.chrome.ChromeDriver
Capabilities {acceptInsecureCerts: false, browserName: chrome, browserVersion: 81.0.4044.138, chrome: {chromedriverVersion: 80.0.3987.106 (f68069574609..., userDataDir: C:\Users\Anupam\AppData\Loc...}, goog:chromeOptions: {debuggerAddress: localhost:56740}, javascriptEnabled: true, networkConnectionEnabled: false, pageLoadStrategy: normal, platform: WINDOWS, platformName: WINDOWS, proxy: Proxy(), setWindowRect: true, strictFileInteractability: false, timeouts: {implicit: 0, pageLoad: 300000, script: 30000}, unhandledPromptBehavior: dismiss and notify}
Session ID: 42e38dae86247fb3de142e68516c7408
*** Element info: {Using=css selector, value=input[id='ap_email']}]]>
            </message>
            <full-stacktrace>
              <![CDATA[org.openqa.selenium.NoSuchElementException: no such element: Unable to locate element: {"method":"css selector","selector":"input[id='ap_email']"}
  (Session info: chrome=81.0.4044.138)
For documentation on this error, please visit: https://www.seleniumhq.org/exceptions/no_such_element.html
Build info: version: '3.141.59', revision: 'e82be7d358', time: '2018-11-14T08:17:03'
System info: host: 'ANUPAM-PC', ip: '192.168.1.73', os.name: 'Windows 10', os.arch: 'amd64', os.version: '10.0', java.version: '10.0.2'
Driver info: org.openqa.selenium.chrome.ChromeDriver
Capabilities {acceptInsecureCerts: false, browserName: chrome, browserVersion: 81.0.4044.138, chrome: {chromedriverVersion: 80.0.3987.106 (f68069574609..., userDataDir: C:\Users\Anupam\AppData\Loc...}, goog:chromeOptions: {debuggerAddress: localhost:56740}, javascriptEnabled: true, networkConnectionEnabled: false, pageLoadStrategy: normal, platform: WINDOWS, platformName: WINDOWS, proxy: Proxy(), setWindowRect: true, strictFileInteractability: false, timeouts: {implicit: 0, pageLoad: 300000, script: 30000}, unhandledPromptBehavior: dismiss and notify}
Session ID: 42e38dae86247fb3de142e68516c7408
*** Element info: {Using=css selector, value=input[id='ap_email']}
at java.base/jdk.internal.reflect.NativeConstructorAccessorImpl.newInstance0(Native Method)
at java.base/jdk.internal.reflect.NativeConstructorAccessorImpl.newInstance(NativeConstructorAccessorImpl.java:62)
at java.base/jdk.internal.reflect.DelegatingConstructorAccessorImpl.newInstance(DelegatingConstructorAccessorImpl.java:45)
at java.base/java.lang.reflect.Constructor.newInstance(Constructor.java:488)
at org.openqa.selenium.remote.http.W3CHttpResponseCodec.createException(W3CHttpResponseCodec.java:187)
at org.openqa.selenium.remote.http.W3CHttpResponseCodec.decode(W3CHttpResponseCodec.java:122)
at org.openqa.selenium.remote.http.W3CHttpResponseCodec.decode(W3CHttpResponseCodec.java:49)
at org.openqa.selenium.remote.HttpCommandExecutor.execute(HttpCommandExecutor.java:158)
at org.openqa.selenium.remote.service.DriverCommandExecutor.execute(DriverCommandExecutor.java:83)
at org.openqa.selenium.remote.RemoteWebDriver.execute(RemoteWebDriver.java:552)
at org.openqa.selenium.remote.RemoteWebDriver.findElement(RemoteWebDriver.java:323)
at org.openqa.selenium.remote.RemoteWebDriver.findElementByCssSelector(RemoteWebDriver.java:420)
at org.openqa.selenium.By$ByCssSelector.findElement(By.java:431)
at org.openqa.selenium.remote.RemoteWebDriver.findElement(RemoteWebDriver.java:315)
at com.pages.HomePageObjects.signInOnClick(HomePageObjects.java:43)
at com.testcases.HomePageValidations.signInNegative(HomePageValidations.java:61)
at java.base/jdk.internal.reflect.NativeMethodAccessorImpl.invoke0(Native Method)
at java.base/jdk.internal.reflect.NativeMethodAccessorImpl.invoke(NativeMethodAccessorImpl.java:62)
at java.base/jdk.internal.reflect.DelegatingMethodAccessorImpl.invoke(DelegatingMethodAccessorImpl.java:43)
at java.base/java.lang.reflect.Method.invoke(Method.java:564)
at org.testng.internal.MethodInvocationHelper.invokeMethod(MethodInvocationHelper.java:135)
at org.testng.internal.TestInvoker.invokeMethod(TestInvoker.java:598)
at org.testng.internal.TestInvoker.invokeTestMethod(TestInvoker.java:174)
at org.testng.internal.MethodRunner.runInSequence(MethodRunner.java:46)
at org.testng.internal.TestInvoker$MethodInvocationAgent.invoke(TestInvoker.java:821)
at org.testng.internal.TestInvoker.invokeTestMethods(TestInvoker.java:147)
at org.testng.internal.TestMethodWorker.invokeTestMethods(TestMethodWorker.java:146)
at org.testng.internal.TestMethodWorker.run(TestMethodWorker.java:128)
at java.base/java.util.ArrayList.forEach(ArrayList.java:1378)
at org.testng.TestRunner.privateRun(TestRunner.java:767)
at org.testng.TestRunner.run(TestRunner.java:588)
at org.testng.SuiteRunner.runTest(SuiteRunner.java:384)
at org.testng.SuiteRunner.runSequentially(SuiteRunner.java:378)
at org.testng.SuiteRunner.privateRun(SuiteRunner.java:337)
at org.testng.SuiteRunner.run(SuiteRunner.java:286)
at org.testng.SuiteRunnerWorker.runSuite(SuiteRunnerWorker.java:53)
at org.testng.SuiteRunnerWorker.run(SuiteRunnerWorker.java:96)
at org.testng.TestNG.runSuitesSequentially(TestNG.java:1214)
at org.testng.TestNG.runSuitesLocally(TestNG.java:1136)
at org.testng.TestNG.runSuites(TestNG.java:1066)
at org.testng.TestNG.run(TestNG.java:1034)
at org.testng.remote.AbstractRemoteTestNG.run(AbstractRemoteTestNG.java:115)
at org.testng.remote.RemoteTestNG.initAndRun(RemoteTestNG.java:251)
at org.testng.remote.RemoteTestNG.main(RemoteTestNG.java:77)
]]>
            </full-stacktrace>
          </exception> <!-- org.openqa.selenium.NoSuchElementException -->
          <reporter-output>
          </reporter-output>
        </test-method> <!-- signInNegative -->
        <test-method is-config="true" signature="setUp()[pri:0, instance:com.testcases.HomePageValidations@51f116b8]" started-at="2020-05-27T00:03:52 CDT" name="setUp" finished-at="2020-05-27T00:03:53 CDT" duration-ms="1238" status="PASS">
          <reporter-output>
          </reporter-output>
        </test-method> <!-- setUp -->
        <test-method signature="signInPositive()[pri:0, instance:com.testcases.HomePageValidations@51f116b8]" started-at="2020-05-27T00:03:53 CDT" name="signInPositive" finished-at="2020-05-27T00:04:04 CDT" duration-ms="11143" status="PASS">
          <reporter-output>
          </reporter-output>
        </test-method> <!-- signInPositive -->
        <test-method is-config="true" signature="tearDown()[pri:0, instance:com.testcases.HomePageValidations@51f116b8]" started-at="2020-05-27T00:04:04 CDT" name="tearDown" finished-at="2020-05-27T00:04:05 CDT" duration-ms="139" status="PASS">
          <reporter-output>
          </reporter-output>
        </test-method> <!-- tearDown -->
      </class> <!-- com.testcases.HomePageValidations -->
    </test> <!-- HomePage -->
  </suite> <!-- AmazonTest -->
</testng-results>
